<?xml version="1.0" encoding="UTF-8" ?>
<testsuite tests="13" failures="0" name="com.spring.aop.AopTest" time="0.862" errors="1" skipped="0">
  <properties>
[...]
</properties>
  <testcase classname="com.spring.aop.AopTest" name="testAnnotationAfterReturningAdvice" time="0.074"/>
  <testcase classname="com.spring.aop.AopTest" name="testAnnotationIntroduction" time="0.035">
    <error message="Bean named &apos;helloWorldService&apos; is expected to be of type &apos;com.spring.aop.service.IIntroductionService&apos; but was actually of type &apos;com.spring.aop.service.impl.HelloWorldService&apos;" type="org.springframework.beans.factory.BeanNotOfRequiredTypeException">org.springframework.beans.factory.BeanNotOfRequiredTypeException: Bean named &apos;helloWorldService&apos; is expected to be of type &apos;com.spring.aop.service.IIntroductionService&apos; but was actually of type &apos;com.spring.aop.service.impl.HelloWorldService&apos;
	at org.springframework.beans.factory.support.AbstractBeanFactory.doGetBean(AbstractBeanFactory.java:384)
	at org.springframework.beans.factory.support.AbstractBeanFactory.getBean(AbstractBeanFactory.java:205)
	at org.springframework.context.support.AbstractApplicationContext.getBean(AbstractApplicationContext.java:1091)
	at com.spring.aop.AopTest.testAnnotationIntroduction(AopTest.java:125)
	at sun.reflect.NativeMethodAccessorImpl.invoke0(Native Method)
	at sun.reflect.NativeMethodAccessorImpl.invoke(NativeMethodAccessorImpl.java:62)
	at sun.reflect.DelegatingMethodAccessorImpl.invoke(DelegatingMethodAccessorImpl.java:43)
	at java.lang.reflect.Method.invoke(Method.java:498)
	at org.junit.runners.model.FrameworkMethod$1.runReflectiveCall(FrameworkMethod.java:50)
	at org.junit.internal.runners.model.ReflectiveCallable.run(ReflectiveCallable.java:12)
	at org.junit.runners.model.FrameworkMethod.invokeExplosively(FrameworkMethod.java:47)
	at org.junit.internal.runners.statements.InvokeMethod.evaluate(InvokeMethod.java:17)
	at org.junit.runners.ParentRunner.runLeaf(ParentRunner.java:325)
	at org.junit.runners.BlockJUnit4ClassRunner.runChild(BlockJUnit4ClassRunner.java:78)
	at org.junit.runners.BlockJUnit4ClassRunner.runChild(BlockJUnit4ClassRunner.java:57)
	at org.junit.runners.ParentRunner$3.run(ParentRunner.java:290)
	at org.junit.runners.ParentRunner$1.schedule(ParentRunner.java:71)
	at org.junit.runners.ParentRunner.runChildren(ParentRunner.java:288)
	at org.junit.runners.ParentRunner.access$000(ParentRunner.java:58)
	at org.junit.runners.ParentRunner$2.evaluate(ParentRunner.java:268)
	at org.junit.runners.ParentRunner.run(ParentRunner.java:363)
	at org.apache.maven.surefire.junit4.JUnit4Provider.execute(JUnit4Provider.java:252)
	at org.apache.maven.surefire.junit4.JUnit4Provider.executeTestSet(JUnit4Provider.java:141)
	at org.apache.maven.surefire.junit4.JUnit4Provider.invoke(JUnit4Provider.java:112)
	at sun.reflect.NativeMethodAccessorImpl.invoke0(Native Method)
	at sun.reflect.NativeMethodAccessorImpl.invoke(NativeMethodAccessorImpl.java:62)
	at sun.reflect.DelegatingMethodAccessorImpl.invoke(DelegatingMethodAccessorImpl.java:43)
	at java.lang.reflect.Method.invoke(Method.java:498)
	at org.apache.maven.surefire.util.ReflectionUtils.invokeMethodWithArray(ReflectionUtils.java:189)
	at org.apache.maven.surefire.booter.ProviderFactory$ProviderProxy.invoke(ProviderFactory.java:165)
	at org.apache.maven.surefire.booter.ProviderFactory.invokeProvider(ProviderFactory.java:85)
	at org.apache.maven.surefire.booter.ForkedBooter.runSuitesInProcess(ForkedBooter.java:115)
	at org.apache.maven.surefire.booter.ForkedBooter.main(ForkedBooter.java:75)
</error>
    <system-out>======================================
18:30:08:682 main INFO org.springframework.context.support.AbstractApplicationContext.prepareRefresh(589) Refreshing org.springframework.context.support.ClassPathXmlApplicationContext@6302bbb1: startup date [Tue Aug 28 18:30:08 CST 2018]; root of context hierarchy
18:30:08:683 main INFO org.springframework.beans.factory.xml.XmlBeanDefinitionReader.loadBeanDefinitions(316) Loading XML bean definitions from class path resource [aop/advice2.xml]
</system-out>
  </testcase>
  <testcase classname="com.spring.aop.AopTest" name="testSchemaBeforeAdvice" time="0.301"/>
  <testcase classname="com.spring.aop.AopTest" name="testSchemaAfterThrowingAdvice" time="0.059"/>
  <testcase classname="com.spring.aop.AopTest" name="testAnnotationAfterThrowingAdvice" time="0.032"/>
  <testcase classname="com.spring.aop.AopTest" name="testAnnotationAroundAdvice" time="0.015"/>
  <testcase classname="com.spring.aop.AopTest" name="testSchemaAdvisor" time="0.068"/>
  <testcase classname="com.spring.aop.AopTest" name="testSchemaAfterFinallyAdvice" time="0.058"/>
  <testcase classname="com.spring.aop.AopTest" name="testSchemaIntroduction" time="0.057"/>
  <testcase classname="com.spring.aop.AopTest" name="testAnnotationAfterFinallyAdvice" time="0.02"/>
  <testcase classname="com.spring.aop.AopTest" name="testAnnotationBeforeAdvice" time="0.022"/>
  <testcase classname="com.spring.aop.AopTest" name="testSchemaAfterReturningAdvice" time="0.066"/>
  <testcase classname="com.spring.aop.AopTest" name="testSchemaAroundAdvice" time="0.055"/>
</testsuite>